<?xml version="1.0" encoding="UTF-8"?>
<Site BuildName="Linux-c++"
	BuildStamp="20200226-1650-Continuous"
	Name="hoss"
	Generator="ctest-3.16.3"
	CompilerName="/usr/bin/c++"
	CompilerVersion="7.4.0"
	OSName="Linux"
	Hostname="hoss"
	OSRelease="5.3.0-40-generic"
	OSVersion="#32~18.04.1-Ubuntu SMP Mon Feb 3 14:05:59 UTC 2020"
	OSPlatform="x86_64"
	Is64Bits="1"
	VendorString="GenuineIntel"
	VendorID="Intel Corporation"
	FamilyID="6"
	ModelID="94"
	ProcessorCacheSize="6144"
	NumberOfLogicalCPU="8"
	NumberOfPhysicalCPU="4"
	TotalVirtualMemory="2047"
	TotalPhysicalMemory="64023"
	LogicalProcessorsPerPhysical="2"
	ProcessorClockFrequency="3136.9"
	>
	<Testing>
		<StartDateTime>Feb 26 08:50 PST</StartDateTime>
		<StartTestTime>1582735838</StartTestTime>
		<TestList/>
		<EndDateTime>Feb 26 08:50 PST</EndDateTime>
		<EndTestTime>1582735838</EndTestTime>
		<ElapsedMinutes>0</ElapsedMinutes>
	</Testing>
</Site>
